

> client@0.0.0 build /home/mateusz/WebstormProjects/ng-reports/apps/client
> ng build

[?25l[2m◼[22m Building...
[2K[1A[2K[G[33m⠋[39m Building...
[2K[1A[2K[G[33m⠙[39m Building...
[2K[1A[2K[G[33m⠹[39m Building...
[2K[1A[2K[G[33m⠸[39m Building...
[2K[1A[2K[G[33m⠼[39m Building...
[2K[1A[2K[G[33m⠴[39m Building...
[2K[1A[2K[G[33m⠦[39m Building...
[2K[1A[2K[G[33m⠧[39m Building...
[2K[1A[2K[G[33m⠇[39m Building...
[2K[1A[2K[G[33m⠏[39m Building...
[2K[1A[2K[G[33m⠋[39m Building...
[2K[1A[2K[G[33m⠙[39m Building...
[2K[1A[2K[G[33m⠹[39m Building...
[2K[1A[2K[G[33m⠸[39m Building...
[2K[1A[2K[G[33m⠼[39m Building...
[2K[1A[2K[G[33m⠴[39m Building...
[2K[1A[2K[G[33m⠦[39m Building...
[2K[1A[2K[G[33m⠧[39m Building...
[2K[1A[2K[G[33m⠇[39m Building...
[2K[1A[2K[G[33m⠏[39m Building...
[2K[1A[2K[G[33m⠋[39m Building...
[2K[1A[2K[G[33m⠙[39m Building...
[2K[1A[2K[G[33m⠹[39m Building...
[2K[1A[2K[G[33m⠸[39m Building...
[2K[1A[2K[G[33m⠼[39m Building...
[2K[1A[2K[G[33m⠴[39m Building...
[2K[1A[2K[G[33m⠦[39m Building...
[2K[1A[2K[G[33m⠧[39m Building...
[2K[1A[2K[G[33m⠇[39m Building...
[2K[1A[2K[G[33m⠏[39m Building...
[2K[1A[2K[G[33m⠋[39m Building...
[2K[1A[2K[G[33m⠙[39m Building...
[2K[1A[2K[G[33m⠹[39m Building...
[2K[1A[2K[G[33m⠸[39m Building...
[2K[1A[2K[G[33m⠼[39m Building...
[2K[1A[2K[G[33m⠴[39m Building...
[2K[1A[2K[G[33m⠦[39m Building...
[2K[1A[2K[G[33m⠧[39m Building...
[2K[1A[2K[G[33m⠇[39m Building...
[2K[1A[2K[G[33m⠏[39m Building...
[2K[1A[2K[G[32m✔[39m Building...
[2K[1A[2K[G[?25h[1mInitial chunk files[22m[2m | [22m[1mNames[22m                    [2m | [22m [1mRaw size[22m[2m | [22m[1mEstimated transfer size[22m
[32mmain-7OHPL7AS.js[39m   [2m | [22m[2mmain[22m                     [2m | [22m[36m844.15 kB[39m[2m | [22m              [36m191.42 kB[39m
[32mchunk-7WGXHEXA.js[39m  [2m | [22m[2m-[22m                        [2m | [22m[36m404.78 kB[39m[2m | [22m               [36m99.02 kB[39m
[32mstyles-MSN5YIJT.css[39m[2m | [22m[2mstyles[22m                   [2m | [22m[36m359.63 kB[39m[2m | [22m               [36m19.85 kB[39m
[32mchunk-3BVQXIYG.js[39m  [2m | [22m[2m-[22m                        [2m | [22m [36m93.46 kB[39m[2m | [22m               [36m23.48 kB[39m
[32mchunk-ULA2SYZR.js[39m  [2m | [22m[2m-[22m                        [2m | [22m [36m15.89 kB[39m[2m | [22m                [36m3.70 kB[39m
[32mchunk-LTP3RK7Y.js[39m  [2m | [22m[2m-[22m                        [2m | [22m  [36m7.59 kB[39m[2m | [22m                [36m1.17 kB[39m
[32mchunk-777BOTXK.js[39m  [2m | [22m[2m-[22m                        [2m | [22m  [36m6.59 kB[39m[2m | [22m              [36m907 bytes[39m
[32mchunk-HRFISUEK.js[39m  [2m | [22m[2m-[22m                        [2m | [22m  [36m4.93 kB[39m[2m | [22m              [36m938 bytes[39m
[32mchunk-LPSZFHTW.js[39m  [2m | [22m[2m-[22m                        [2m | [22m  [36m3.42 kB[39m[2m | [22m                [36m1.03 kB[39m
[32mchunk-BKVAM3O3.js[39m  [2m | [22m[2m-[22m                        [2m | [22m  [36m3.01 kB[39m[2m | [22m              [36m794 bytes[39m
[32mchunk-OPYAD3Z6.js[39m  [2m | [22m[2m-[22m                        [2m | [22m  [36m1.61 kB[39m[2m | [22m              [36m666 bytes[39m

[1m [22m                  [2m | [22m[1mInitial total[22m            [2m | [22m  [1m[93m1.75 MB[39m[22m[2m | [22m              [1m342.99 kB[22m

[1mLazy chunk files[22m   [2m | [22m[1mNames[22m                    [2m | [22m [1mRaw size[22m[2m | [22m[1mEstimated transfer size[22m
[32mchunk-YRYYFKWZ.js[39m  [2m | [22m[2m-[22m                        [2m | [22m[36m315.85 kB[39m[2m | [22m               [36m54.67 kB[39m
[32mchunk-E2SI6EMS.js[39m  [2m | [22m[2mreports-view-component[22m   [2m | [22m [36m93.71 kB[39m[2m | [22m               [36m19.70 kB[39m
[32mchunk-QWA5ZVTY.js[39m  [2m | [22m[2m-[22m                        [2m | [22m [36m87.53 kB[39m[2m | [22m               [36m18.92 kB[39m
[32mchunk-22ABHG6R.js[39m  [2m | [22m[2m-[22m                        [2m | [22m [36m50.44 kB[39m[2m | [22m               [36m11.28 kB[39m
[32mchunk-T5ASRSN5.js[39m  [2m | [22m[2m-[22m                        [2m | [22m [36m30.01 kB[39m[2m | [22m                [36m7.20 kB[39m
[32mchunk-FKZUN7WO.js[39m  [2m | [22m[2m-[22m                        [2m | [22m [36m25.80 kB[39m[2m | [22m                [36m6.22 kB[39m
[32mchunk-J2KZKQLK.js[39m  [2m | [22m[2m-[22m                        [2m | [22m [36m22.32 kB[39m[2m | [22m                [36m6.38 kB[39m
[32mchunk-S3FGDPOI.js[39m  [2m | [22m[2mproject-details-component[22m[2m | [22m [36m12.66 kB[39m[2m | [22m                [36m3.44 kB[39m
[32mchunk-NRJ4MDZX.js[39m  [2m | [22m[2m-[22m                        [2m | [22m [36m12.41 kB[39m[2m | [22m                [36m3.28 kB[39m
[32mchunk-GN7UOHQ3.js[39m  [2m | [22m[2mreport-details-component[22m [2m | [22m [36m10.64 kB[39m[2m | [22m                [36m3.14 kB[39m
[32mchunk-PZ6ESQQW.js[39m  [2m | [22m[2mauth-view-component[22m      [2m | [22m  [36m8.04 kB[39m[2m | [22m                [36m2.57 kB[39m
[32mchunk-56H2KV4F.js[39m  [2m | [22m[2mprojects-view-component[22m  [2m | [22m  [36m7.94 kB[39m[2m | [22m                [36m2.61 kB[39m
[32mchunk-DM7SMD52.js[39m  [2m | [22m[2m-[22m                        [2m | [22m  [36m5.98 kB[39m[2m | [22m                [36m1.62 kB[39m
[32mchunk-SLN5GT7L.js[39m  [2m | [22m[2mstatistics-view-component[22m[2m | [22m  [36m5.64 kB[39m[2m | [22m                [36m2.14 kB[39m
[32mchunk-L3OWJE3U.js[39m  [2m | [22m[2muser-details-component[22m   [2m | [22m  [36m4.74 kB[39m[2m | [22m                [36m1.71 kB[39m
[2m...and 5 more lazy chunks files. Use "--verbose" to show all the files.[22m

Application bundle generation complete. [4.017 seconds] - 2026-01-10T11:26:28.513Z

[1m[33m[33m▲ [43;33m[[43;30mWARNING[43;33m][0m [1mbundle initial exceeded maximum budget. Budget 1.00 MB was not met by 745.06 kB with a total of 1.75 MB.[0m


[33m▲ [43;33m[[43;30mWARNING[43;33m][0m [1mprojects/ng-reports/src/lib/ng-reports.component.scss exceeded maximum budget. Budget 4.00 kB was not met by 957 bytes with a total of 4.96 kB.[0m

[39m[22m
Output location: /home/mateusz/WebstormProjects/ng-reports/build/client

[?25h
